<?xml version="1.0" encoding="UTF-8"?>
<!-- Generated by org.testng.reporters.JUnitReportReporter -->
<testsuite hostname="3101LW00037" failures="0" tests="2" name="io.ctdev.tests.login.MyFirstTest" time="8.103" errors="0" timestamp="01 нояб. 2020 13:13:18 GMT" skipped="0">
  <testcase classname="io.ctdev.tests.login.MyFirstTest" name="searchWebElement" time="2.600"/>
  <testcase classname="io.ctdev.tests.login.MyFirstTest" name="shouldAnswerWithTrue" time="5.503"/>
</testsuite> <!-- io.ctdev.tests.login.MyFirstTest -->
